<?xml version="1.0" encoding="UTF-8"?>
<!-- Generated by org.testng.reporters.JUnitReportReporter -->
<testsuite hostname="LAPTOP-KLIE8R0M" failures="0" tests="3" name="FirstRestAssuredProgram.DataDrivenExample" time="5.441" errors="0" timestamp="2023-07-28T16:13:20 IST" skipped="0">
  <testcase classname="FirstRestAssuredProgram.DataDrivenExample" name="test_post" time="1.095"/>
  <system-out/>
  <testcase classname="FirstRestAssuredProgram.DataDrivenExample" name="test_2_delete" time="3.271"/>
  <system-out/>
  <testcase classname="FirstRestAssuredProgram.DataDrivenExample" name="test_post" time="1.075"/>
  <system-out/>
</testsuite> <!-- FirstRestAssuredProgram.DataDrivenExample -->
