<?xml version="1.0" encoding="UTF-8"?>
<!-- Generated by org.testng.reporters.JUnitReportReporter -->
<testsuite hostname="LAPTOP-KLIE8R0M" failures="0" tests="1" name="FirstRestAssuredProgram.Demo3_PUT_Request" time="2.468" errors="0" timestamp="2023-07-28T14:29:44 IST" skipped="0">
  <testcase classname="FirstRestAssuredProgram.Demo3_PUT_Request" name="test_2_put" time="2.468"/>
  <system-out/>
</testsuite> <!-- FirstRestAssuredProgram.Demo3_PUT_Request -->
