<?xml version="1.0" encoding="UTF-8"?>
<!-- Generated by org.testng.reporters.JUnitReportReporter -->
<testsuite hostname="LAPTOP-KLIE8R0M" failures="0" tests="3" name="FirstRestAssuredProgram.Demo1_GET_Request" time="6.144" errors="0" timestamp="2023-07-27T14:19:46 IST" skipped="0">
  <testcase classname="FirstRestAssuredProgram.Demo1_GET_Request" name="test_01" time="0.840"/>
  <system-out/>
  <testcase classname="FirstRestAssuredProgram.Demo1_GET_Request" name="test_02" time="1.003"/>
  <system-out/>
  <testcase classname="FirstRestAssuredProgram.Demo1_GET_Request" name="getMethod" time="4.301"/>
  <system-out/>
</testsuite> <!-- FirstRestAssuredProgram.Demo1_GET_Request -->
