<?xml version="1.0" encoding="UTF-8"?>
<!-- Generated by org.testng.reporters.JUnitReportReporter -->
<testsuite hostname="LAPTOP-KLIE8R0M" failures="0" tests="1" name="FirstRestAssuredProgram.Demo4_DELETE_Request" time="6.207" errors="0" timestamp="2023-07-28T14:37:17 IST" skipped="0">
  <testcase classname="FirstRestAssuredProgram.Demo4_DELETE_Request" name="test_2_put" time="6.207"/>
  <system-out/>
</testsuite> <!-- FirstRestAssuredProgram.Demo4_DELETE_Request -->
