<?xml version="1.0" encoding="UTF-8"?>
<!-- Generated by org.testng.reporters.JUnitReportReporter -->
<testsuite hostname="LAPTOP-KLIE8R0M" failures="0" tests="1" name="FirstRestAssuredProgram.Demo2_POST_Request" time="3.370" errors="0" timestamp="2023-07-27T15:22:25 IST" skipped="0">
  <testcase classname="FirstRestAssuredProgram.Demo2_POST_Request" name="postData" time="3.370"/>
  <system-out/>
</testsuite> <!-- FirstRestAssuredProgram.Demo2_POST_Request -->
